<?xml version="1.0" encoding="UTF-8"?>
<!-- Generated by org.testng.reporters.JUnitXMLReporter -->
<testsuite hostname="bharat2799-02" ignored="0" name="Test" tests="4" failures="0" timestamp="02 Nov 2020 17:52:52 GMT" time="12.906" errors="0">
  <testcase name="getAllPetsList" time="3.495" classname="com.store.testcases.PetStoreTest"/>
  <testcase name="addNewPet" time="1.779" classname="com.store.testcases.PetStoreTest"/>
  <testcase name="updatePetStatus" time="3.437" classname="com.store.testcases.PetStoreTest"/>
  <testcase name="deletePetFromStore" time="3.405" classname="com.store.testcases.PetStoreTest"/>
</testsuite> <!-- Test -->
