<?xml version="1.0" encoding="UTF-8"?>
<testsuite xmlns:xsi="http://www.w3.org/2001/XMLSchema-instance" xsi:noNamespaceSchemaLocation="https://maven.apache.org/surefire/maven-surefire-plugin/xsd/surefire-test-report-3.0.xsd" version="3.0" name="TestSuite" time="14.761" tests="4" errors="0" skipped="0" failures="0">
  <properties>
[...]
</properties>
  <testcase name="getAllPetsList" classname="com.store.testcases.PetStoreTest" time="3.656"/>
  <testcase name="addNewPet" classname="com.store.testcases.PetStoreTest" time="1.583"/>
  <testcase name="updatePetStatus" classname="com.store.testcases.PetStoreTest" time="4.267"/>
  <testcase name="deletePetFromStore" classname="com.store.testcases.PetStoreTest" time="3.179"/>
</testsuite>