<?xml version="1.0" encoding="UTF-8"?>
<!-- Generated by org.testng.reporters.JUnitXMLReporter -->
<testsuite hostname="bharat2799-02" ignored="0" name="Default test" tests="4" failures="0" timestamp="30 Oct 2020 19:01:06 GMT" time="13.682" errors="0">
  <testcase name="getAllPetsList" time="4.377" classname="com.store.testcases.PetStoreTest"/>
  <testcase name="addNewPet" time="1.798" classname="com.store.testcases.PetStoreTest"/>
  <testcase name="updatePetStatus" time="3.402" classname="com.store.testcases.PetStoreTest"/>
  <testcase name="deletePetFromStore" time="3.359" classname="com.store.testcases.PetStoreTest"/>
</testsuite> <!-- Default test -->
