<?xml version="1.0" encoding="UTF-8"?>
<!-- Generated by org.testng.reporters.JUnitXMLReporter -->
<testsuite hostname="bharat2799-02" ignored="0" name="Test" tests="4" failures="0" timestamp="03 Nov 2020 15:17:01 GMT" time="13.635" errors="0">
  <testcase name="getAllPetsList" time="3.655" classname="com.store.testcases.PetStoreTest"/>
  <testcase name="addNewPet" time="1.583" classname="com.store.testcases.PetStoreTest"/>
  <testcase name="updatePetStatus" time="4.265" classname="com.store.testcases.PetStoreTest"/>
  <testcase name="deletePetFromStore" time="3.178" classname="com.store.testcases.PetStoreTest"/>
</testsuite> <!-- Test -->
